2018-10-21 03:14:49,546 - SimpleLog4JLogSystem initialized using logfile 'velocity.log'
2018-10-21 03:14:49,546 - ************************************************************** 
2018-10-21 03:14:49,546 - Starting Jakarta Velocity v1.4
2018-10-21 03:14:49,546 - RuntimeInstance initializing.
2018-10-21 03:14:49,546 - Default Properties File: org\apache\velocity\runtime\defaults\velocity.properties
2018-10-21 03:14:49,546 - Trying to use logger class org.apache.velocity.runtime.log.SimpleLog4JLogSystem
2018-10-21 03:14:49,546 - Using logger class org.apache.velocity.runtime.log.SimpleLog4JLogSystem
2018-10-21 03:14:49,546 - Default ResourceManager initializing. (class org.apache.velocity.runtime.resource.ResourceManagerImpl)
2018-10-21 03:14:49,546 - Resource Loader Instantiated: org.apache.velocity.runtime.resource.loader.ClasspathResourceLoader
2018-10-21 03:14:49,546 - ClasspathResourceLoader : initialization starting.
2018-10-21 03:14:49,546 - ClasspathResourceLoader : initialization complete.
2018-10-21 03:14:49,556 - ResourceCache : initialized. (class org.apache.velocity.runtime.resource.ResourceCacheImpl)
2018-10-21 03:14:49,556 - Default ResourceManager initialization complete.
2018-10-21 03:14:49,556 - Loaded System Directive: org.apache.velocity.runtime.directive.Literal
2018-10-21 03:14:49,556 - Loaded System Directive: org.apache.velocity.runtime.directive.Macro
2018-10-21 03:14:49,556 - Loaded System Directive: org.apache.velocity.runtime.directive.Parse
2018-10-21 03:14:49,556 - Loaded System Directive: org.apache.velocity.runtime.directive.Include
2018-10-21 03:14:49,556 - Loaded System Directive: org.apache.velocity.runtime.directive.Foreach
2018-10-21 03:14:49,603 - Created: 20 parsers.
2018-10-21 03:14:49,603 - Velocimacro : initialization starting.
2018-10-21 03:14:49,603 - Velocimacro : adding VMs from VM library template : VM_global_library.vm
2018-10-21 03:14:49,619 - ResourceManager : unable to find resource 'VM_global_library.vm' in any resource loader.
2018-10-21 03:14:49,619 - Velocimacro : error using  VM library template VM_global_library.vm : org.apache.velocity.exception.ResourceNotFoundException: Unable to find resource 'VM_global_library.vm'
2018-10-21 03:14:49,619 - Velocimacro :  VM library template macro registration complete.
2018-10-21 03:14:49,619 - Velocimacro : allowInline = true : VMs can be defined inline in templates
2018-10-21 03:14:49,619 - Velocimacro : allowInlineToOverride = false : VMs defined inline may NOT replace previous VM definitions
2018-10-21 03:14:49,619 - Velocimacro : allowInlineLocal = false : VMs defined inline will be  global in scope if allowed.
2018-10-21 03:14:49,619 - Velocimacro : messages on  : VM system will output logging messages
2018-10-21 03:14:49,619 - Velocimacro : autoload off  : VM system will not automatically reload global library macros
2018-10-21 03:14:49,619 - Velocimacro : initialization complete.
2018-10-21 03:14:49,619 - Velocity successfully started.
2018-10-21 03:19:09,957 - ResourceManager : found repast/simphony/scenario/Scenario.vt with loader org.apache.velocity.runtime.resource.loader.ClasspathResourceLoader
2018-10-21 03:22:05,761 - SimpleLog4JLogSystem initialized using logfile 'velocity.log'
2018-10-21 03:22:05,761 - ************************************************************** 
2018-10-21 03:22:05,761 - Starting Jakarta Velocity v1.4
2018-10-21 03:22:05,761 - RuntimeInstance initializing.
2018-10-21 03:22:05,761 - Default Properties File: org\apache\velocity\runtime\defaults\velocity.properties
2018-10-21 03:22:05,761 - Trying to use logger class org.apache.velocity.runtime.log.SimpleLog4JLogSystem
2018-10-21 03:22:05,761 - Using logger class org.apache.velocity.runtime.log.SimpleLog4JLogSystem
2018-10-21 03:22:05,761 - Default ResourceManager initializing. (class org.apache.velocity.runtime.resource.ResourceManagerImpl)
2018-10-21 03:22:05,761 - Resource Loader Instantiated: org.apache.velocity.runtime.resource.loader.ClasspathResourceLoader
2018-10-21 03:22:05,761 - ClasspathResourceLoader : initialization starting.
2018-10-21 03:22:05,761 - ClasspathResourceLoader : initialization complete.
2018-10-21 03:22:05,761 - ResourceCache : initialized. (class org.apache.velocity.runtime.resource.ResourceCacheImpl)
2018-10-21 03:22:05,761 - Default ResourceManager initialization complete.
2018-10-21 03:22:05,777 - Loaded System Directive: org.apache.velocity.runtime.directive.Literal
2018-10-21 03:22:05,777 - Loaded System Directive: org.apache.velocity.runtime.directive.Macro
2018-10-21 03:22:05,777 - Loaded System Directive: org.apache.velocity.runtime.directive.Parse
2018-10-21 03:22:05,777 - Loaded System Directive: org.apache.velocity.runtime.directive.Include
2018-10-21 03:22:05,777 - Loaded System Directive: org.apache.velocity.runtime.directive.Foreach
2018-10-21 03:22:05,824 - Created: 20 parsers.
2018-10-21 03:22:05,839 - Velocimacro : initialization starting.
2018-10-21 03:22:05,839 - Velocimacro : adding VMs from VM library template : VM_global_library.vm
2018-10-21 03:22:05,846 - ResourceManager : unable to find resource 'VM_global_library.vm' in any resource loader.
2018-10-21 03:22:05,846 - Velocimacro : error using  VM library template VM_global_library.vm : org.apache.velocity.exception.ResourceNotFoundException: Unable to find resource 'VM_global_library.vm'
2018-10-21 03:22:05,846 - Velocimacro :  VM library template macro registration complete.
2018-10-21 03:22:05,846 - Velocimacro : allowInline = true : VMs can be defined inline in templates
2018-10-21 03:22:05,846 - Velocimacro : allowInlineToOverride = false : VMs defined inline may NOT replace previous VM definitions
2018-10-21 03:22:05,846 - Velocimacro : allowInlineLocal = false : VMs defined inline will be  global in scope if allowed.
2018-10-21 03:22:05,846 - Velocimacro : messages on  : VM system will output logging messages
2018-10-21 03:22:05,846 - Velocimacro : autoload off  : VM system will not automatically reload global library macros
2018-10-21 03:22:05,846 - Velocimacro : initialization complete.
2018-10-21 03:22:05,846 - Velocity successfully started.
2018-10-21 03:32:49,964 - SimpleLog4JLogSystem initialized using logfile 'velocity.log'
2018-10-21 03:32:49,964 - ************************************************************** 
2018-10-21 03:32:49,964 - Starting Jakarta Velocity v1.4
2018-10-21 03:32:49,964 - RuntimeInstance initializing.
2018-10-21 03:32:49,964 - Default Properties File: org\apache\velocity\runtime\defaults\velocity.properties
2018-10-21 03:32:49,964 - Trying to use logger class org.apache.velocity.runtime.log.SimpleLog4JLogSystem
2018-10-21 03:32:49,964 - Using logger class org.apache.velocity.runtime.log.SimpleLog4JLogSystem
2018-10-21 03:32:49,964 - Default ResourceManager initializing. (class org.apache.velocity.runtime.resource.ResourceManagerImpl)
2018-10-21 03:32:49,964 - Resource Loader Instantiated: org.apache.velocity.runtime.resource.loader.ClasspathResourceLoader
2018-10-21 03:32:49,964 - ClasspathResourceLoader : initialization starting.
2018-10-21 03:32:49,964 - ClasspathResourceLoader : initialization complete.
2018-10-21 03:32:49,964 - ResourceCache : initialized. (class org.apache.velocity.runtime.resource.ResourceCacheImpl)
2018-10-21 03:32:49,964 - Default ResourceManager initialization complete.
2018-10-21 03:32:49,979 - Loaded System Directive: org.apache.velocity.runtime.directive.Literal
2018-10-21 03:32:49,979 - Loaded System Directive: org.apache.velocity.runtime.directive.Macro
2018-10-21 03:32:49,979 - Loaded System Directive: org.apache.velocity.runtime.directive.Parse
2018-10-21 03:32:49,979 - Loaded System Directive: org.apache.velocity.runtime.directive.Include
2018-10-21 03:32:49,979 - Loaded System Directive: org.apache.velocity.runtime.directive.Foreach
2018-10-21 03:32:50,010 - Created: 20 parsers.
2018-10-21 03:32:50,010 - Velocimacro : initialization starting.
2018-10-21 03:32:50,010 - Velocimacro : adding VMs from VM library template : VM_global_library.vm
2018-10-21 03:32:50,026 - ResourceManager : unable to find resource 'VM_global_library.vm' in any resource loader.
2018-10-21 03:32:50,026 - Velocimacro : error using  VM library template VM_global_library.vm : org.apache.velocity.exception.ResourceNotFoundException: Unable to find resource 'VM_global_library.vm'
2018-10-21 03:32:50,026 - Velocimacro :  VM library template macro registration complete.
2018-10-21 03:32:50,026 - Velocimacro : allowInline = true : VMs can be defined inline in templates
2018-10-21 03:32:50,026 - Velocimacro : allowInlineToOverride = false : VMs defined inline may NOT replace previous VM definitions
2018-10-21 03:32:50,026 - Velocimacro : allowInlineLocal = false : VMs defined inline will be  global in scope if allowed.
2018-10-21 03:32:50,026 - Velocimacro : messages on  : VM system will output logging messages
2018-10-21 03:32:50,026 - Velocimacro : autoload off  : VM system will not automatically reload global library macros
2018-10-21 03:32:50,026 - Velocimacro : initialization complete.
2018-10-21 03:32:50,026 - Velocity successfully started.
2018-10-21 03:41:19,517 - SimpleLog4JLogSystem initialized using logfile 'velocity.log'
2018-10-21 03:41:19,517 - ************************************************************** 
2018-10-21 03:41:19,517 - Starting Jakarta Velocity v1.4
2018-10-21 03:41:19,517 - RuntimeInstance initializing.
2018-10-21 03:41:19,517 - Default Properties File: org\apache\velocity\runtime\defaults\velocity.properties
2018-10-21 03:41:19,517 - Trying to use logger class org.apache.velocity.runtime.log.SimpleLog4JLogSystem
2018-10-21 03:41:19,517 - Using logger class org.apache.velocity.runtime.log.SimpleLog4JLogSystem
2018-10-21 03:41:19,521 - Default ResourceManager initializing. (class org.apache.velocity.runtime.resource.ResourceManagerImpl)
2018-10-21 03:41:19,524 - Resource Loader Instantiated: org.apache.velocity.runtime.resource.loader.ClasspathResourceLoader
2018-10-21 03:41:19,525 - ClasspathResourceLoader : initialization starting.
2018-10-21 03:41:19,525 - ClasspathResourceLoader : initialization complete.
2018-10-21 03:41:19,528 - ResourceCache : initialized. (class org.apache.velocity.runtime.resource.ResourceCacheImpl)
2018-10-21 03:41:19,528 - Default ResourceManager initialization complete.
2018-10-21 03:41:19,533 - Loaded System Directive: org.apache.velocity.runtime.directive.Literal
2018-10-21 03:41:19,535 - Loaded System Directive: org.apache.velocity.runtime.directive.Macro
2018-10-21 03:41:19,550 - Loaded System Directive: org.apache.velocity.runtime.directive.Parse
2018-10-21 03:41:19,554 - Loaded System Directive: org.apache.velocity.runtime.directive.Include
2018-10-21 03:41:19,555 - Loaded System Directive: org.apache.velocity.runtime.directive.Foreach
2018-10-21 03:41:19,594 - Created: 20 parsers.
2018-10-21 03:41:19,606 - Velocimacro : initialization starting.
2018-10-21 03:41:19,606 - Velocimacro : adding VMs from VM library template : VM_global_library.vm
2018-10-21 03:41:19,627 - ResourceManager : unable to find resource 'VM_global_library.vm' in any resource loader.
2018-10-21 03:41:19,627 - Velocimacro : error using  VM library template VM_global_library.vm : org.apache.velocity.exception.ResourceNotFoundException: Unable to find resource 'VM_global_library.vm'
2018-10-21 03:41:19,627 - Velocimacro :  VM library template macro registration complete.
2018-10-21 03:41:19,628 - Velocimacro : allowInline = true : VMs can be defined inline in templates
2018-10-21 03:41:19,628 - Velocimacro : allowInlineToOverride = false : VMs defined inline may NOT replace previous VM definitions
2018-10-21 03:41:19,628 - Velocimacro : allowInlineLocal = false : VMs defined inline will be  global in scope if allowed.
2018-10-21 03:41:19,628 - Velocimacro : messages on  : VM system will output logging messages
2018-10-21 03:41:19,628 - Velocimacro : autoload off  : VM system will not automatically reload global library macros
2018-10-21 03:41:19,628 - Velocimacro : initialization complete.
2018-10-21 03:41:19,628 - Velocity successfully started.
2018-10-21 03:42:32,763 - SimpleLog4JLogSystem initialized using logfile 'velocity.log'
2018-10-21 03:42:32,763 - ************************************************************** 
2018-10-21 03:42:32,763 - Starting Jakarta Velocity v1.4
2018-10-21 03:42:32,763 - RuntimeInstance initializing.
2018-10-21 03:42:32,763 - Default Properties File: org\apache\velocity\runtime\defaults\velocity.properties
2018-10-21 03:42:32,763 - Trying to use logger class org.apache.velocity.runtime.log.SimpleLog4JLogSystem
2018-10-21 03:42:32,763 - Using logger class org.apache.velocity.runtime.log.SimpleLog4JLogSystem
2018-10-21 03:42:32,763 - Default ResourceManager initializing. (class org.apache.velocity.runtime.resource.ResourceManagerImpl)
2018-10-21 03:42:32,763 - Resource Loader Instantiated: org.apache.velocity.runtime.resource.loader.ClasspathResourceLoader
2018-10-21 03:42:32,763 - ClasspathResourceLoader : initialization starting.
2018-10-21 03:42:32,763 - ClasspathResourceLoader : initialization complete.
2018-10-21 03:42:32,763 - ResourceCache : initialized. (class org.apache.velocity.runtime.resource.ResourceCacheImpl)
2018-10-21 03:42:32,763 - Default ResourceManager initialization complete.
2018-10-21 03:42:32,763 - Loaded System Directive: org.apache.velocity.runtime.directive.Literal
2018-10-21 03:42:32,763 - Loaded System Directive: org.apache.velocity.runtime.directive.Macro
2018-10-21 03:42:32,778 - Loaded System Directive: org.apache.velocity.runtime.directive.Parse
2018-10-21 03:42:32,778 - Loaded System Directive: org.apache.velocity.runtime.directive.Include
2018-10-21 03:42:32,778 - Loaded System Directive: org.apache.velocity.runtime.directive.Foreach
2018-10-21 03:42:32,810 - Created: 20 parsers.
2018-10-21 03:42:32,810 - Velocimacro : initialization starting.
2018-10-21 03:42:32,810 - Velocimacro : adding VMs from VM library template : VM_global_library.vm
2018-10-21 03:42:32,825 - ResourceManager : unable to find resource 'VM_global_library.vm' in any resource loader.
2018-10-21 03:42:32,825 - Velocimacro : error using  VM library template VM_global_library.vm : org.apache.velocity.exception.ResourceNotFoundException: Unable to find resource 'VM_global_library.vm'
2018-10-21 03:42:32,825 - Velocimacro :  VM library template macro registration complete.
2018-10-21 03:42:32,825 - Velocimacro : allowInline = true : VMs can be defined inline in templates
2018-10-21 03:42:32,825 - Velocimacro : allowInlineToOverride = false : VMs defined inline may NOT replace previous VM definitions
2018-10-21 03:42:32,825 - Velocimacro : allowInlineLocal = false : VMs defined inline will be  global in scope if allowed.
2018-10-21 03:42:32,825 - Velocimacro : messages on  : VM system will output logging messages
2018-10-21 03:42:32,825 - Velocimacro : autoload off  : VM system will not automatically reload global library macros
2018-10-21 03:42:32,825 - Velocimacro : initialization complete.
2018-10-21 03:42:32,825 - Velocity successfully started.
2018-10-21 03:50:17,604 - SimpleLog4JLogSystem initialized using logfile 'velocity.log'
2018-10-21 03:50:17,604 - ************************************************************** 
2018-10-21 03:50:17,604 - Starting Jakarta Velocity v1.4
2018-10-21 03:50:17,604 - RuntimeInstance initializing.
2018-10-21 03:50:17,604 - Default Properties File: org\apache\velocity\runtime\defaults\velocity.properties
2018-10-21 03:50:17,604 - Trying to use logger class org.apache.velocity.runtime.log.SimpleLog4JLogSystem
2018-10-21 03:50:17,604 - Using logger class org.apache.velocity.runtime.log.SimpleLog4JLogSystem
2018-10-21 03:50:17,604 - Default ResourceManager initializing. (class org.apache.velocity.runtime.resource.ResourceManagerImpl)
2018-10-21 03:50:17,620 - Resource Loader Instantiated: org.apache.velocity.runtime.resource.loader.ClasspathResourceLoader
2018-10-21 03:50:17,620 - ClasspathResourceLoader : initialization starting.
2018-10-21 03:50:17,620 - ClasspathResourceLoader : initialization complete.
2018-10-21 03:50:17,620 - ResourceCache : initialized. (class org.apache.velocity.runtime.resource.ResourceCacheImpl)
2018-10-21 03:50:17,620 - Default ResourceManager initialization complete.
2018-10-21 03:50:17,626 - Loaded System Directive: org.apache.velocity.runtime.directive.Literal
2018-10-21 03:50:17,626 - Loaded System Directive: org.apache.velocity.runtime.directive.Macro
2018-10-21 03:50:17,626 - Loaded System Directive: org.apache.velocity.runtime.directive.Parse
2018-10-21 03:50:17,626 - Loaded System Directive: org.apache.velocity.runtime.directive.Include
2018-10-21 03:50:17,626 - Loaded System Directive: org.apache.velocity.runtime.directive.Foreach
2018-10-21 03:50:17,673 - Created: 20 parsers.
2018-10-21 03:50:17,673 - Velocimacro : initialization starting.
2018-10-21 03:50:17,673 - Velocimacro : adding VMs from VM library template : VM_global_library.vm
2018-10-21 03:50:17,689 - ResourceManager : unable to find resource 'VM_global_library.vm' in any resource loader.
2018-10-21 03:50:17,689 - Velocimacro : error using  VM library template VM_global_library.vm : org.apache.velocity.exception.ResourceNotFoundException: Unable to find resource 'VM_global_library.vm'
2018-10-21 03:50:17,689 - Velocimacro :  VM library template macro registration complete.
2018-10-21 03:50:17,689 - Velocimacro : allowInline = true : VMs can be defined inline in templates
2018-10-21 03:50:17,689 - Velocimacro : allowInlineToOverride = false : VMs defined inline may NOT replace previous VM definitions
2018-10-21 03:50:17,689 - Velocimacro : allowInlineLocal = false : VMs defined inline will be  global in scope if allowed.
2018-10-21 03:50:17,689 - Velocimacro : messages on  : VM system will output logging messages
2018-10-21 03:50:17,689 - Velocimacro : autoload off  : VM system will not automatically reload global library macros
2018-10-21 03:50:17,689 - Velocimacro : initialization complete.
2018-10-21 03:50:17,689 - Velocity successfully started.
2018-10-21 03:52:44,847 - SimpleLog4JLogSystem initialized using logfile 'velocity.log'
2018-10-21 03:52:44,847 - ************************************************************** 
2018-10-21 03:52:44,847 - Starting Jakarta Velocity v1.4
2018-10-21 03:52:44,847 - RuntimeInstance initializing.
2018-10-21 03:52:44,847 - Default Properties File: org\apache\velocity\runtime\defaults\velocity.properties
2018-10-21 03:52:44,847 - Trying to use logger class org.apache.velocity.runtime.log.SimpleLog4JLogSystem
2018-10-21 03:52:44,847 - Using logger class org.apache.velocity.runtime.log.SimpleLog4JLogSystem
2018-10-21 03:52:44,863 - Default ResourceManager initializing. (class org.apache.velocity.runtime.resource.ResourceManagerImpl)
2018-10-21 03:52:44,863 - Resource Loader Instantiated: org.apache.velocity.runtime.resource.loader.ClasspathResourceLoader
2018-10-21 03:52:44,863 - ClasspathResourceLoader : initialization starting.
2018-10-21 03:52:44,863 - ClasspathResourceLoader : initialization complete.
2018-10-21 03:52:44,863 - ResourceCache : initialized. (class org.apache.velocity.runtime.resource.ResourceCacheImpl)
2018-10-21 03:52:44,863 - Default ResourceManager initialization complete.
2018-10-21 03:52:44,863 - Loaded System Directive: org.apache.velocity.runtime.directive.Literal
2018-10-21 03:52:44,863 - Loaded System Directive: org.apache.velocity.runtime.directive.Macro
2018-10-21 03:52:44,878 - Loaded System Directive: org.apache.velocity.runtime.directive.Parse
2018-10-21 03:52:44,878 - Loaded System Directive: org.apache.velocity.runtime.directive.Include
2018-10-21 03:52:44,878 - Loaded System Directive: org.apache.velocity.runtime.directive.Foreach
2018-10-21 03:52:44,925 - Created: 20 parsers.
2018-10-21 03:52:44,925 - Velocimacro : initialization starting.
2018-10-21 03:52:44,925 - Velocimacro : adding VMs from VM library template : VM_global_library.vm
2018-10-21 03:52:44,947 - ResourceManager : unable to find resource 'VM_global_library.vm' in any resource loader.
2018-10-21 03:52:44,947 - Velocimacro : error using  VM library template VM_global_library.vm : org.apache.velocity.exception.ResourceNotFoundException: Unable to find resource 'VM_global_library.vm'
2018-10-21 03:52:44,947 - Velocimacro :  VM library template macro registration complete.
2018-10-21 03:52:44,947 - Velocimacro : allowInline = true : VMs can be defined inline in templates
2018-10-21 03:52:44,947 - Velocimacro : allowInlineToOverride = false : VMs defined inline may NOT replace previous VM definitions
2018-10-21 03:52:44,947 - Velocimacro : allowInlineLocal = false : VMs defined inline will be  global in scope if allowed.
2018-10-21 03:52:44,947 - Velocimacro : messages on  : VM system will output logging messages
2018-10-21 03:52:44,947 - Velocimacro : autoload off  : VM system will not automatically reload global library macros
2018-10-21 03:52:44,947 - Velocimacro : initialization complete.
2018-10-21 03:52:44,947 - Velocity successfully started.
2018-10-21 03:55:19,334 - SimpleLog4JLogSystem initialized using logfile 'velocity.log'
2018-10-21 03:55:19,334 - ************************************************************** 
2018-10-21 03:55:19,334 - Starting Jakarta Velocity v1.4
2018-10-21 03:55:19,334 - RuntimeInstance initializing.
2018-10-21 03:55:19,334 - Default Properties File: org\apache\velocity\runtime\defaults\velocity.properties
2018-10-21 03:55:19,334 - Trying to use logger class org.apache.velocity.runtime.log.SimpleLog4JLogSystem
2018-10-21 03:55:19,334 - Using logger class org.apache.velocity.runtime.log.SimpleLog4JLogSystem
2018-10-21 03:55:19,334 - Default ResourceManager initializing. (class org.apache.velocity.runtime.resource.ResourceManagerImpl)
2018-10-21 03:55:19,334 - Resource Loader Instantiated: org.apache.velocity.runtime.resource.loader.ClasspathResourceLoader
2018-10-21 03:55:19,334 - ClasspathResourceLoader : initialization starting.
2018-10-21 03:55:19,334 - ClasspathResourceLoader : initialization complete.
2018-10-21 03:55:19,334 - ResourceCache : initialized. (class org.apache.velocity.runtime.resource.ResourceCacheImpl)
2018-10-21 03:55:19,334 - Default ResourceManager initialization complete.
2018-10-21 03:55:19,350 - Loaded System Directive: org.apache.velocity.runtime.directive.Literal
2018-10-21 03:55:19,350 - Loaded System Directive: org.apache.velocity.runtime.directive.Macro
2018-10-21 03:55:19,350 - Loaded System Directive: org.apache.velocity.runtime.directive.Parse
2018-10-21 03:55:19,350 - Loaded System Directive: org.apache.velocity.runtime.directive.Include
2018-10-21 03:55:19,350 - Loaded System Directive: org.apache.velocity.runtime.directive.Foreach
2018-10-21 03:55:19,381 - Created: 20 parsers.
2018-10-21 03:55:19,381 - Velocimacro : initialization starting.
2018-10-21 03:55:19,381 - Velocimacro : adding VMs from VM library template : VM_global_library.vm
2018-10-21 03:55:19,403 - ResourceManager : unable to find resource 'VM_global_library.vm' in any resource loader.
2018-10-21 03:55:19,403 - Velocimacro : error using  VM library template VM_global_library.vm : org.apache.velocity.exception.ResourceNotFoundException: Unable to find resource 'VM_global_library.vm'
2018-10-21 03:55:19,403 - Velocimacro :  VM library template macro registration complete.
2018-10-21 03:55:19,403 - Velocimacro : allowInline = true : VMs can be defined inline in templates
2018-10-21 03:55:19,403 - Velocimacro : allowInlineToOverride = false : VMs defined inline may NOT replace previous VM definitions
2018-10-21 03:55:19,403 - Velocimacro : allowInlineLocal = false : VMs defined inline will be  global in scope if allowed.
2018-10-21 03:55:19,403 - Velocimacro : messages on  : VM system will output logging messages
2018-10-21 03:55:19,403 - Velocimacro : autoload off  : VM system will not automatically reload global library macros
2018-10-21 03:55:19,403 - Velocimacro : initialization complete.
2018-10-21 03:55:19,403 - Velocity successfully started.
2018-10-21 18:17:16,189 - SimpleLog4JLogSystem initialized using logfile 'velocity.log'
2018-10-21 18:17:16,189 - ************************************************************** 
2018-10-21 18:17:16,189 - Starting Jakarta Velocity v1.4
2018-10-21 18:17:16,189 - RuntimeInstance initializing.
2018-10-21 18:17:16,189 - Default Properties File: org\apache\velocity\runtime\defaults\velocity.properties
2018-10-21 18:17:16,189 - Trying to use logger class org.apache.velocity.runtime.log.SimpleLog4JLogSystem
2018-10-21 18:17:16,189 - Using logger class org.apache.velocity.runtime.log.SimpleLog4JLogSystem
2018-10-21 18:17:16,204 - Default ResourceManager initializing. (class org.apache.velocity.runtime.resource.ResourceManagerImpl)
2018-10-21 18:17:16,204 - Resource Loader Instantiated: org.apache.velocity.runtime.resource.loader.ClasspathResourceLoader
2018-10-21 18:17:16,204 - ClasspathResourceLoader : initialization starting.
2018-10-21 18:17:16,204 - ClasspathResourceLoader : initialization complete.
2018-10-21 18:17:16,204 - ResourceCache : initialized. (class org.apache.velocity.runtime.resource.ResourceCacheImpl)
2018-10-21 18:17:16,204 - Default ResourceManager initialization complete.
2018-10-21 18:17:16,204 - Loaded System Directive: org.apache.velocity.runtime.directive.Literal
2018-10-21 18:17:16,220 - Loaded System Directive: org.apache.velocity.runtime.directive.Macro
2018-10-21 18:17:16,221 - Loaded System Directive: org.apache.velocity.runtime.directive.Parse
2018-10-21 18:17:16,221 - Loaded System Directive: org.apache.velocity.runtime.directive.Include
2018-10-21 18:17:16,221 - Loaded System Directive: org.apache.velocity.runtime.directive.Foreach
2018-10-21 18:17:16,237 - Created: 20 parsers.
2018-10-21 18:17:16,253 - Velocimacro : initialization starting.
2018-10-21 18:17:16,253 - Velocimacro : adding VMs from VM library template : VM_global_library.vm
2018-10-21 18:17:16,284 - ResourceManager : unable to find resource 'VM_global_library.vm' in any resource loader.
2018-10-21 18:17:16,284 - Velocimacro : error using  VM library template VM_global_library.vm : org.apache.velocity.exception.ResourceNotFoundException: Unable to find resource 'VM_global_library.vm'
2018-10-21 18:17:16,284 - Velocimacro :  VM library template macro registration complete.
2018-10-21 18:17:16,284 - Velocimacro : allowInline = true : VMs can be defined inline in templates
2018-10-21 18:17:16,284 - Velocimacro : allowInlineToOverride = false : VMs defined inline may NOT replace previous VM definitions
2018-10-21 18:17:16,284 - Velocimacro : allowInlineLocal = false : VMs defined inline will be  global in scope if allowed.
2018-10-21 18:17:16,284 - Velocimacro : messages on  : VM system will output logging messages
2018-10-21 18:17:16,284 - Velocimacro : autoload off  : VM system will not automatically reload global library macros
2018-10-21 18:17:16,284 - Velocimacro : initialization complete.
2018-10-21 18:17:16,284 - Velocity successfully started.
2018-10-21 20:34:30,410 - ResourceManager : found repast/simphony/scenario/Scenario.vt with loader org.apache.velocity.runtime.resource.loader.ClasspathResourceLoader
